Total value: 2885531
Total cost: 2581531

0  10975 9975
1  10970 9970
2  10968 9968
3  10963 9963
4  10958 9958
5  10949 9949
6  10937 9937
7  10935 9935
8  10910 9910
9  10898 9898
10  10879 9879
11  10872 9872
12  10872 9872
13  10870 9870
14  10866 9866
15  10859 9859
16  10859 9859
17  10858 9858
18  10837 9837
19  10823 9823
20  10819 9819
21  10806 9806
22  10788 9788
23  10780 9780
24  10770 9770
25  10763 9763
26  10763 9763
27  10762 9762
28  10747 9747
29  10746 9746
30  10722 9722
31  10722 9722
32  10711 9711
33  10710 9710
34  10681 9681
35  10681 9681
36  10675 9675
37  10674 9674
38  10665 9665
39  10662 9662
40  10645 9645
41  10612 9612
42  10576 9576
43  10560 9560
44  10552 9552
45  10537 9537
46  10516 9516
47  10510 9510
48  10504 9504
49  10491 9491
50  10466 9466
51  10462 9462
52  10459 9459
53  10453 9453
54  10439 9439
55  10412 9412
56  10410 9410
57  10407 9407
58  10400 9400
59  10396 9396
60  10380 9380
61  10362 9362
62  10356 9356
63  10354 9354
64  10352 9352
65  10352 9352
66  10323 9323
67  10321 9321
68  10319 9319
69  10315 9315
70  10314 9314
71  10308 9308
72  10301 9301
73  10300 9300
74  10290 9290
75  10244 9244
76  10240 9240
77  10237 9237
78  10232 9232
79  10229 9229
80  10229 9229
81  10223 9223
82  10219 9219
83  10196 9196
84  10188 9188
85  10186 9186
86  10174 9174
87  10168 9168
88  10164 9164
89  10143 9143
90  10141 9141
91  10130 9130
92  10129 9129
93  10123 9123
94  10109 9109
95  10090 9090
96  10072 9072
97  10032 9032
98  10028 9028
99  9992 8992
100  9989 8989
101  9969 8969
102  9950 8950
103  9922 8922
104  9921 8921
105  9921 8921
106  9909 8909
107  9909 8909
108  9904 8904
109  9898 8898
110  9897 8897
111  9895 8895
112  9893 8893
113  9887 8887
114  9885 8885
115  9885 8885
116  9875 8875
117  9861 8861
118  9851 8851
119  9850 8850
120  9848 8848
121  9819 8819
122  9810 8810
123  9809 8809
124  9781 8781
125  9763 8763
126  9758 8758
127  9751 8751
128  9730 8730
129  9725 8725
130  9721 8721
131  9712 8712
132  9691 8691
133  9688 8688
134  9662 8662
135  9661 8661
136  9658 8658
137  9652 8652
138  9652 8652
139  9648 8648
140  9645 8645
141  9643 8643
142  9642 8642
143  9632 8632
144  9628 8628
145  9597 8597
146  9588 8588
147  9576 8576
148  9574 8574
149  9554 8554
150  9550 8550
151  9549 8549
152  9544 8544
153  9524 8524
154  9522 8522
155  9463 8463
156  9460 8460
157  9449 8449
158  9441 8441
159  9400 8400
160  9399 8399
161  9396 8396
162  9383 8383
163  9375 8375
164  9372 8372
165  9370 8370
166  9361 8361
167  9361 8361
168  9356 8356
169  9347 8347
170  9337 8337
171  9334 8334
172  9323 8323
173  9317 8317
174  9313 8313
175  9305 8305
176  9293 8293
177  9292 8292
178  9250 8250
179  9242 8242
180  9240 8240
181  9215 8215
182  9205 8205
183  9204 8204
184  9203 8203
185  9198 8198
186  9187 8187
187  9182 8182
188  9176 8176
189  9167 8167
190  9160 8160
191  9157 8157
192  9156 8156
193  9155 8155
194  9149 8149
195  9139 8139
196  9127 8127
197  9122 8122
198  9120 8120
199  9119 8119
200  9117 8117
201  9116 8116
202  9110 8110
203  9100 8100
204  9100 8100
205  9065 8065
206  9062 8062
207  9052 8052
208  9049 8049
209  9042 8042
210  9017 8017
211  9006 8006
212  9005 8005
213  9002 8002
214  8977 7977
215  8965 7965
216  8950 7950
217  8943 7943
218  8917 7917
219  8907 7907
220  8904 7904
221  8892 7892
222  8883 7883
223  8879 7879
224  8862 7862
225  8836 7836
226  8802 7802
227  8780 7780
228  8767 7767
229  8766 7766
230  8751 7751
231  8743 7743
232  8738 7738
233  8730 7730
234  8718 7718
235  8699 7699
236  8696 7696
237  8690 7690
238  8679 7679
239  8672 7672
240  8650 7650
241  8645 7645
242  8642 7642
243  8637 7637
244  8637 7637
245  8636 7636
246  8613 7613
247  8613 7613
248  8613 7613
249  8611 7611
250  8602 7602
251  8594 7594
252  8587 7587
253  8551 7551
254  8546 7546
255  8528 7528
256  8514 7514
257  8503 7503
258  8487 7487
259  8487 7487
260  8475 7475
261  8434 7434
262  8427 7427
263  8422 7422
264  8413 7413
265  8411 7411
266  8410 7410
267  8400 7400
268  8399 7399
269  8386 7386
270  8376 7376
271  8367 7367
272  8360 7360
273  8359 7359
274  8356 7356
275  8331 7331
276  8329 7329
277  8315 7315
278  8312 7312
279  8308 7308
280  8295 7295
281  8255 7255
282  8251 7251
283  8226 7226
284  8226 7226
285  8199 7199
286  8187 7187
287  8181 7181
288  8173 7173
289  8171 7171
290  8168 7168
291  8145 7145
292  8135 7135
293  8131 7131
294  8123 7123
295  8112 7112
296  8112 7112
297  8109 7109
298  8106 7106
299  8074 7074
300  8062 7062
301  8059 7059
653  4680 3680
1023  1001 1

