Total value: 69905
Total cost: 62405

0  1100 1000
1  1097 997
2  1097 997
3  1089 989
4  1087 987
5  1081 981
6  1077 977
7  1077 977
8  1075 975
9  1070 970
10  1059 959
11  1047 947
12  1043 943
13  1043 943
14  1040 940
15  1039 939
16  1037 937
17  1037 937
18  1033 933
19  1023 923
20  1022 922
21  1021 921
22  1013 913
23  1005 905
24  1005 905
25  1004 904
26  998 898
27  998 898
28  996 896
29  985 885
30  985 885
31  981 881
32  974 874
33  972 872
34  967 867
35  962 862
36  961 861
37  943 843
38  938 838
39  930 830
40  929 829
41  924 824
42  923 823
43  923 823
44  919 819
45  912 812
46  910 810
47  909 809
48  902 802
49  898 798
50  886 786
51  884 784
52  876 776
53  876 776
54  875 775
55  870 770
56  868 768
57  864 764
58  860 760
59  854 754
60  853 753
61  852 752
62  851 751
63  847 747
64  830 730
65  825 725
66  825 725
67  823 723
68  823 723
69  822 722
70  818 718
71  812 712
72  809 709
214  241 141
255  101 1

