Total value: 1486949
Total cost: 1330949

0  10970 9970
1  10963 9963
2  10937 9937
3  10910 9910
4  10898 9898
5  10872 9872
6  10870 9870
7  10859 9859
8  10823 9823
9  10819 9819
10  10806 9806
11  10780 9780
12  10763 9763
13  10747 9747
14  10746 9746
15  10722 9722
16  10710 9710
17  10681 9681
18  10681 9681
19  10675 9675
20  10665 9665
21  10645 9645
22  10576 9576
23  10552 9552
24  10537 9537
25  10516 9516
26  10510 9510
27  10504 9504
28  10466 9466
29  10462 9462
30  10459 9459
31  10439 9439
32  10412 9412
33  10410 9410
34  10407 9407
35  10400 9400
36  10396 9396
37  10362 9362
38  10354 9354
39  10352 9352
40  10321 9321
41  10308 9308
42  10301 9301
43  10300 9300
44  10240 9240
45  10237 9237
46  10232 9232
47  10229 9229
48  10174 9174
49  10164 9164
50  10141 9141
51  10129 9129
52  10123 9123
53  10109 9109
54  10090 9090
55  10072 9072
56  10028 9028
57  9922 8922
58  9921 8921
59  9921 8921
60  9909 8909
61  9895 8895
62  9887 8887
63  9885 8885
64  9885 8885
65  9861 8861
66  9850 8850
67  9819 8819
68  9810 8810
69  9809 8809
70  9751 8751
71  9730 8730
72  9725 8725
73  9712 8712
74  9662 8662
75  9658 8658
76  9652 8652
77  9652 8652
78  9648 8648
79  9645 8645
80  9643 8643
81  9632 8632
82  9597 8597
83  9576 8576
84  9554 8554
85  9544 8544
86  9463 8463
87  9460 8460
88  9370 8370
89  9361 8361
90  9361 8361
91  9356 8356
92  9347 8347
93  9337 8337
94  9323 8323
95  9305 8305
96  9293 8293
97  9250 8250
98  9242 8242
99  9205 8205
100  9203 8203
101  9198 8198
102  9187 8187
103  9182 8182
104  9167 8167
105  9160 8160
106  9157 8157
107  9149 8149
108  9139 8139
109  9127 8127
110  9122 8122
111  9120 8120
112  9119 8119
113  9117 8117
114  9110 8110
115  9100 8100
116  9062 8062
117  9052 8052
118  9006 8006
119  8965 7965
120  8943 7943
121  8904 7904
122  8892 7892
123  8862 7862
124  8751 7751
125  8718 7718
126  8690 7690
127  8650 7650
128  8642 7642
129  8636 7636
130  8613 7613
131  8613 7613
132  8613 7613
133  8594 7594
134  8587 7587
135  8551 7551
136  8487 7487
137  8475 7475
138  8422 7422
139  8413 7413
140  8410 7410
141  8400 7400
142  8399 7399
143  8376 7376
144  8367 7367
145  8360 7360
146  8359 7359
147  8356 7356
148  8331 7331
149  8329 7329
150  8312 7312
151  8308 7308
152  8295 7295
155  8187 7187
502  1208 208
504  1172 172

