Total value: 35250
Total cost: 30950

0  1100 1000
1  1097 997
2  1097 997
3  1089 989
4  1077 977
5  1075 975
6  1070 970
7  1059 959
8  1043 943
9  1043 943
10  1040 940
11  1037 937
12  1022 922
13  1021 921
14  998 898
15  996 896
16  985 885
17  981 881
18  974 874
19  967 867
20  943 843
21  938 838
22  924 824
23  923 823
24  919 819
25  902 802
26  898 798
27  876 776
28  876 776
29  875 775
30  868 768
31  860 760
32  851 751
33  830 730
36  818 718
114  201 101
119  187 87
121  179 79
123  147 47
124  131 31
125  122 22
126  110 10
127  101 1

