Total value: 73405
Total cost: 62405

0  1100 1000
2  1097 997
3  1089 989
4  1087 987
5  1081 981
7  1077 977
8  1075 975
9  1070 970
10  1059 959
12  1043 943
13  1043 943
16  1037 937
17  1037 937
18  1033 933
22  1013 913
23  1005 905
24  1005 905
25  1004 904
27  998 898
28  996 896
29  985 885
30  985 885
31  981 881
32  974 874
35  962 862
36  961 861
37  943 843
38  938 838
39  930 830
40  929 829
41  924 824
42  923 823
43  923 823
44  919 819
46  910 810
47  909 809
49  898 798
50  886 786
52  876 776
53  876 776
54  875 775
56  868 768
58  860 760
59  854 754
60  853 753
63  847 747
65  825 725
66  825 725
67  823 723
68  823 723
70  818 718
72  809 709
73  805 705
74  802 702
76  790 690
77  789 689
78  786 686
79  784 684
80  781 681
82  767 667
83  760 660
87  742 642
88  741 641
89  736 636
90  736 636
91  731 631
92  727 627
93  719 619
94  713 613
95  713 613
96  709 609
97  703 603
98  698 598
177  350 250
178  350 250
180  348 248
184  340 240
186  332 232
187  327 227
191  323 223
194  305 205
198  301 201
204  278 178
205  276 176
209  260 160
212  252 152
214  241 141
215  239 139
218  228 128
219  223 123
222  216 116
223  215 115
231  199 99
233  195 95
235  187 87
238  162 62
239  162 62
240  161 61
243  154 54
245  147 47
246  146 46
247  138 38
248  137 37
249  131 31
250  130 30
251  122 22
252  120 20
253  110 10
254  106 6
255  101 1

