Total value: 2956537
Total cost: 2581537

1  10970 9970
2  10968 9968
3  10963 9963
4  10958 9958
5  10949 9949
7  10935 9935
8  10910 9910
9  10898 9898
10  10879 9879
11  10872 9872
12  10872 9872
13  10870 9870
14  10866 9866
15  10859 9859
16  10859 9859
17  10858 9858
18  10837 9837
19  10823 9823
20  10819 9819
21  10806 9806
22  10788 9788
23  10780 9780
25  10763 9763
26  10763 9763
27  10762 9762
28  10747 9747
29  10746 9746
30  10722 9722
31  10722 9722
32  10711 9711
33  10710 9710
35  10681 9681
36  10675 9675
39  10662 9662
40  10645 9645
41  10612 9612
42  10576 9576
43  10560 9560
44  10552 9552
45  10537 9537
46  10516 9516
47  10510 9510
48  10504 9504
49  10491 9491
51  10462 9462
52  10459 9459
53  10453 9453
54  10439 9439
55  10412 9412
57  10407 9407
58  10400 9400
59  10396 9396
60  10380 9380
61  10362 9362
62  10356 9356
63  10354 9354
64  10352 9352
65  10352 9352
66  10323 9323
67  10321 9321
68  10319 9319
69  10315 9315
71  10308 9308
72  10301 9301
73  10300 9300
74  10290 9290
75  10244 9244
76  10240 9240
77  10237 9237
79  10229 9229
80  10229 9229
81  10223 9223
82  10219 9219
83  10196 9196
84  10188 9188
85  10186 9186
86  10174 9174
87  10168 9168
88  10164 9164
89  10143 9143
90  10141 9141
91  10130 9130
94  10109 9109
95  10090 9090
96  10072 9072
97  10032 9032
98  10028 9028
99  9992 8992
100  9989 8989
101  9969 8969
103  9922 8922
104  9921 8921
105  9921 8921
106  9909 8909
107  9909 8909
108  9904 8904
109  9898 8898
110  9897 8897
111  9895 8895
112  9893 8893
114  9885 8885
115  9885 8885
116  9875 8875
117  9861 8861
118  9851 8851
119  9850 8850
120  9848 8848
121  9819 8819
122  9810 8810
123  9809 8809
124  9781 8781
125  9763 8763
126  9758 8758
127  9751 8751
128  9730 8730
129  9725 8725
132  9691 8691
133  9688 8688
134  9662 8662
135  9661 8661
136  9658 8658
137  9652 8652
138  9652 8652
139  9648 8648
140  9645 8645
141  9643 8643
142  9642 8642
143  9632 8632
144  9628 8628
146  9588 8588
147  9576 8576
148  9574 8574
150  9550 8550
151  9549 8549
152  9544 8544
153  9524 8524
154  9522 8522
156  9460 8460
157  9449 8449
159  9400 8400
160  9399 8399
161  9396 8396
163  9375 8375
164  9372 8372
165  9370 8370
166  9361 8361
167  9361 8361
168  9356 8356
169  9347 8347
170  9337 8337
171  9334 8334
172  9323 8323
173  9317 8317
174  9313 8313
175  9305 8305
176  9293 8293
177  9292 8292
178  9250 8250
180  9240 8240
181  9215 8215
182  9205 8205
183  9204 8204
184  9203 8203
186  9187 8187
187  9182 8182
188  9176 8176
189  9167 8167
190  9160 8160
191  9157 8157
192  9156 8156
193  9155 8155
194  9149 8149
196  9127 8127
197  9122 8122
198  9120 8120
199  9119 8119
200  9117 8117
201  9116 8116
202  9110 8110
203  9100 8100
204  9100 8100
205  9065 8065
206  9062 8062
207  9052 8052
208  9049 8049
209  9042 8042
210  9017 8017
211  9006 8006
213  9002 8002
216  8950 7950
217  8943 7943
218  8917 7917
219  8907 7907
220  8904 7904
221  8892 7892
223  8879 7879
224  8862 7862
225  8836 7836
227  8780 7780
228  8767 7767
231  8743 7743
232  8738 7738
233  8730 7730
235  8699 7699
237  8690 7690
238  8679 7679
239  8672 7672
240  8650 7650
241  8645 7645
242  8642 7642
243  8637 7637
244  8637 7637
245  8636 7636
246  8613 7613
247  8613 7613
248  8613 7613
250  8602 7602
251  8594 7594
253  8551 7551
254  8546 7546
255  8528 7528
257  8503 7503
258  8487 7487
259  8487 7487
260  8475 7475
261  8434 7434
262  8427 7427
263  8422 7422
264  8413 7413
265  8411 7411
266  8410 7410
267  8400 7400
268  8399 7399
269  8386 7386
270  8376 7376
271  8367 7367
272  8360 7360
273  8359 7359
274  8356 7356
275  8331 7331
276  8329 7329
277  8315 7315
278  8312 7312
279  8308 7308
280  8295 7295
281  8255 7255
283  8226 7226
284  8226 7226
286  8187 7187
287  8181 7181
288  8173 7173
289  8171 7171
290  8168 7168
291  8145 7145
292  8135 7135
294  8123 7123
295  8112 7112
296  8112 7112
297  8109 7109
298  8106 7106
299  8074 7074
300  8062 7062
301  8059 7059
302  8047 7047
303  8037 7037
305  7991 6991
306  7983 6983
307  7981 6981
308  7961 6961
309  7951 6951
310  7935 6935
311  7933 6933
312  7932 6932
313  7917 6917
314  7914 6914
315  7913 6913
316  7906 6906
317  7904 6904
318  7898 6898
319  7892 6892
320  7891 6891
321  7885 6885
322  7874 6874
323  7873 6873
324  7861 6861
326  7830 6830
327  7814 6814
328  7812 6812
329  7809 6809
330  7800 6800
331  7791 6791
332  7776 6776
333  7764 6764
334  7754 6754
335  7731 6731
336  7702 6702
337  7697 6697
338  7689 6689
339  7685 6685
340  7681 6681
341  7680 6680
342  7679 6679
653  4680 3680
758  3560 2560
793  3141 2141
794  3123 2123
795  3116 2116
796  3115 2115
797  3101 2101
798  3095 2095
799  3082 2082
800  3076 2076
801  3067 2067
802  3063 2063
803  3054 2054
805  3037 2037
810  2974 1974
822  2815 1815
823  2808 1808
836  2662 1662
849  2572 1572
855  2509 1509
861  2477 1477
873  2369 1369
877  2337 1337
878  2319 1319
879  2286 1286
890  2176 1176
891  2163 1163
894  2153 1153
909  2074 1074
923  1975 975
924  1975 975
927  1942 942
933  1880 880
940  1794 794
943  1782 782
949  1709 709
950  1705 705
958  1618 618
965  1562 562
968  1547 547
972  1514 514
973  1495 495
979  1450 450
988  1357 357
989  1352 352
990  1349 349
992  1335 335
997  1269 269
998  1269 269
999  1267 267
1001  1240 240
1002  1237 237
1003  1222 222
1004  1208 208
1005  1208 208
1006  1185 185
1007  1174 174
1008  1172 172
1009  1167 167
1010  1158 158
1011  1151 151
1012  1130 130
1013  1114 114
1014  1108 108
1015  1079 79
1016  1070 70
1017  1063 63
1018  1056 56
1019  1052 52
1020  1046 46
1021  1025 25
1022  1017 17
1023  1001 1

