Total value: 36720
Total cost: 31620

0  1100 1000
1  1097 997
2  1097 997
4  1077 977
5  1075 975
6  1070 970
7  1059 959
8  1043 943
9  1043 943
10  1040 940
12  1022 922
13  1021 921
14  998 898
16  985 885
18  974 874
19  967 867
20  943 843
21  938 838
22  924 824
23  923 823
25  902 802
27  876 776
28  876 776
29  875 775
30  868 768
31  860 760
34  825 725
36  818 718
37  812 712
38  809 709
39  805 705
40  790 690
41  775 675
42  752 652
43  750 650
44  745 645
84  405 305
88  350 250
95  327 227
103  287 187
108  229 129
109  223 123
110  222 122
116  199 99
121  179 79
122  154 54
123  147 47
124  131 31
125  122 22
126  110 10
127  101 1

